<?xml version="1.0" encoding="UTF-8"?>
<testsuite name="tdd.coding.gym.GOLSpec" time="5.061" tests="7" errors="0" skipped="0" failures="0">
  <properties>
[...]
</properties>
  <testcase name="A new GOL has a populationSize of zero" classname="tdd.coding.gym.GOLSpec" time="0"/>
  <testcase name="Populating with 1,1 gives census [1,1]" classname="tdd.coding.gym.GOLSpec" time="0"/>
  <testcase name="Populating with 1,1, 2,2 gives census [1,1, 2,2]" classname="tdd.coding.gym.GOLSpec" time="0.001"/>
  <testcase name="Populating with 1,1, 1,1 gives census [1,1]" classname="tdd.coding.gym.GOLSpec" time="0"/>
  <testcase name="Populating with 5,5, 6,5, 7,5 evolves to [6,5, 6,6, 6,4]" classname="tdd.coding.gym.GOLSpec" time="0.001"/>
  <testcase name="GOL Display ok" classname="tdd.coding.gym.GOLSpec" time="0.004"/>
  <testcase name="Play Game" classname="tdd.coding.gym.GOLSpec" time="5.055"/>
</testsuite>